[INFO] Scanning for projects...
[INFO] 
[INFO] --------------------< br.com.serratec:ApiAvaliacao >--------------------
[INFO] Building ApiAvaliacao 0.0.1-SNAPSHOT
[INFO]   from pom.xml
[INFO] --------------------------------[ jar ]---------------------------------
[INFO] 
[INFO] >>> spring-boot-maven-plugin:3.3.1:run (default-cli) > test-compile @ ApiAvaliacao >>>
[INFO] 
[INFO] --- maven-resources-plugin:3.3.1:resources (default-resources) @ ApiAvaliacao ---
[INFO] Copying 3 resources from src/main/resources to target/classes
[INFO] Copying 0 resource from src/main/resources to target/classes
[INFO] 
[INFO] --- maven-compiler-plugin:3.13.0:compile (default-compile) @ ApiAvaliacao ---
[INFO] Recompiling the module because of changed source code.
[INFO] Compiling 23 source files with javac [debug parameters release 17] to target/classes
[INFO] 
[INFO] --- maven-resources-plugin:3.3.1:testResources (default-testResources) @ ApiAvaliacao ---
[INFO] skip non existing resourceDirectory /home/proj05/2024_1_T2M-Sistema-de-Avaliacao-de-Desempenho_Backend/ApiAvaliacao/src/test/resources
[INFO] 
[INFO] --- maven-compiler-plugin:3.13.0:testCompile (default-testCompile) @ ApiAvaliacao ---
[INFO] Recompiling the module because of changed dependency.
[INFO] Compiling 1 source file with javac [debug parameters release 17] to target/test-classes
[INFO] 
[INFO] <<< spring-boot-maven-plugin:3.3.1:run (default-cli) < test-compile @ ApiAvaliacao <<<
[INFO] 
[INFO] 
[INFO] --- spring-boot-maven-plugin:3.3.1:run (default-cli) @ ApiAvaliacao ---
[INFO] Attaching agents: []

  .   ____          _            __ _ _
 /\\ / ___'_ __ _ _(_)_ __  __ _ \ \ \ \
( ( )\___ | '_ | '_| | '_ \/ _` | \ \ \ \
 \\/  ___)| |_)| | | | | || (_| |  ) ) ) )
  '  |____| .__|_| |_|_| |_\__, | / / / /
 =========|_|==============|___/=/_/_/_/

 :: Spring Boot ::                (v3.3.1)

2024-07-04T22:41:58.438Z  INFO 7993 --- [ProjetoFinalAPI] [  restartedMain] b.com.serratec.ApiAvaliacaoApplication   : Starting ApiAvaliacaoApplication using Java 17.0.10 with PID 7993 (/home/proj05/2024_1_T2M-Sistema-de-Avaliacao-de-Desempenho_Backend/ApiAvaliacao/target/classes started by proj05 in /home/proj05/2024_1_T2M-Sistema-de-Avaliacao-de-Desempenho_Backend/ApiAvaliacao)
2024-07-04T22:41:58.441Z  INFO 7993 --- [ProjetoFinalAPI] [  restartedMain] b.com.serratec.ApiAvaliacaoApplication   : The following 1 profile is active: "prod"
2024-07-04T22:41:58.503Z  INFO 7993 --- [ProjetoFinalAPI] [  restartedMain] .e.DevToolsPropertyDefaultsPostProcessor : Devtools property defaults active! Set 'spring.devtools.add-properties' to 'false' to disable
2024-07-04T22:41:58.504Z  INFO 7993 --- [ProjetoFinalAPI] [  restartedMain] .e.DevToolsPropertyDefaultsPostProcessor : For additional web related logging consider setting the 'logging.level.web' property to 'DEBUG'
2024-07-04T22:41:59.488Z  INFO 7993 --- [ProjetoFinalAPI] [  restartedMain] .s.d.r.c.RepositoryConfigurationDelegate : Bootstrapping Spring Data JPA repositories in DEFAULT mode.
2024-07-04T22:41:59.561Z  INFO 7993 --- [ProjetoFinalAPI] [  restartedMain] .s.d.r.c.RepositoryConfigurationDelegate : Finished Spring Data repository scanning in 65 ms. Found 5 JPA repository interfaces.
2024-07-04T22:42:00.252Z  INFO 7993 --- [ProjetoFinalAPI] [  restartedMain] o.s.b.w.embedded.tomcat.TomcatWebServer  : Tomcat initialized with port 8005 (http)
2024-07-04T22:42:00.267Z  INFO 7993 --- [ProjetoFinalAPI] [  restartedMain] o.apache.catalina.core.StandardService   : Starting service [Tomcat]
2024-07-04T22:42:00.268Z  INFO 7993 --- [ProjetoFinalAPI] [  restartedMain] o.apache.catalina.core.StandardEngine    : Starting Servlet engine: [Apache Tomcat/10.1.25]
2024-07-04T22:42:00.332Z  INFO 7993 --- [ProjetoFinalAPI] [  restartedMain] o.a.c.c.C.[Tomcat].[localhost].[/]       : Initializing Spring embedded WebApplicationContext
2024-07-04T22:42:00.333Z  INFO 7993 --- [ProjetoFinalAPI] [  restartedMain] w.s.c.ServletWebServerApplicationContext : Root WebApplicationContext: initialization completed in 1828 ms
2024-07-04T22:42:00.369Z  INFO 7993 --- [ProjetoFinalAPI] [  restartedMain] com.zaxxer.hikari.HikariDataSource       : HikariPool-1 - Starting...
2024-07-04T22:42:00.690Z  INFO 7993 --- [ProjetoFinalAPI] [  restartedMain] com.zaxxer.hikari.pool.HikariPool        : HikariPool-1 - Added connection org.postgresql.jdbc.PgConnection@433a90f2
2024-07-04T22:42:00.692Z  INFO 7993 --- [ProjetoFinalAPI] [  restartedMain] com.zaxxer.hikari.HikariDataSource       : HikariPool-1 - Start completed.
2024-07-04T22:42:00.704Z  INFO 7993 --- [ProjetoFinalAPI] [  restartedMain] o.s.b.a.h2.H2ConsoleAutoConfiguration    : H2 console available at '/h2-console'. Database available at 'jdbc:postgresql://34.31.132.210:5432/proj05db'
2024-07-04T22:42:00.863Z  INFO 7993 --- [ProjetoFinalAPI] [  restartedMain] o.hibernate.jpa.internal.util.LogHelper  : HHH000204: Processing PersistenceUnitInfo [name: default]
2024-07-04T22:42:00.917Z  INFO 7993 --- [ProjetoFinalAPI] [  restartedMain] org.hibernate.Version                    : HHH000412: Hibernate ORM core version 6.5.2.Final
2024-07-04T22:42:00.952Z  INFO 7993 --- [ProjetoFinalAPI] [  restartedMain] o.h.c.internal.RegionFactoryInitiator    : HHH000026: Second-level cache disabled
2024-07-04T22:42:01.254Z  INFO 7993 --- [ProjetoFinalAPI] [  restartedMain] o.s.o.j.p.SpringPersistenceUnitInfo      : No LoadTimeWeaver setup: ignoring JPA class transformer
2024-07-04T22:42:02.418Z  INFO 7993 --- [ProjetoFinalAPI] [  restartedMain] o.h.e.t.j.p.i.JtaPlatformInitiator       : HHH000489: No JTA platform available (set 'hibernate.transaction.jta.platform' to enable JTA platform integration)
2024-07-04T22:42:02.545Z  INFO 7993 --- [ProjetoFinalAPI] [  restartedMain] j.LocalContainerEntityManagerFactoryBean : Initialized JPA EntityManagerFactory for persistence unit 'default'
2024-07-04T22:42:02.848Z  INFO 7993 --- [ProjetoFinalAPI] [  restartedMain] o.s.d.j.r.query.QueryEnhancerFactory     : Hibernate is in classpath; If applicable, HQL parser will be used.
2024-07-04T22:42:03.408Z  WARN 7993 --- [ProjetoFinalAPI] [  restartedMain] JpaBaseConfiguration$JpaWebConfiguration : spring.jpa.open-in-view is enabled by default. Therefore, database queries may be performed during view rendering. Explicitly configure spring.jpa.open-in-view to disable this warning
2024-07-04T22:42:03.938Z  INFO 7993 --- [ProjetoFinalAPI] [  restartedMain] o.s.b.d.a.OptionalLiveReloadServer       : LiveReload server is running on port 35729
2024-07-04T22:42:03.977Z  INFO 7993 --- [ProjetoFinalAPI] [  restartedMain] o.s.b.w.embedded.tomcat.TomcatWebServer  : Tomcat started on port 8005 (http) with context path '/'
2024-07-04T22:42:03.992Z  INFO 7993 --- [ProjetoFinalAPI] [  restartedMain] b.com.serratec.ApiAvaliacaoApplication   : Started ApiAvaliacaoApplication in 5.99 seconds (process running for 6.435)
[INFO] ------------------------------------------------------------------------
[INFO] BUILD FAILURE
[INFO] ------------------------------------------------------------------------
[INFO] Total time:  01:19 min
[INFO] Finished at: 2024-07-04T22:43:13Z
[INFO] ------------------------------------------------------------------------
[ERROR] Failed to execute goal org.springframework.boot:spring-boot-maven-plugin:3.3.1:run (default-cli) on project ApiAvaliacao: Process terminated with exit code: 137 -> [Help 1]
[ERROR] 
[ERROR] To see the full stack trace of the errors, re-run Maven with the -e switch.
[ERROR] Re-run Maven using the -X switch to enable full debug logging.
[ERROR] 
[ERROR] For more information about the errors and possible solutions, please read the following articles:
[ERROR] [Help 1] http://cwiki.apache.org/confluence/display/MAVEN/MojoExecutionException
